
> Master-Bot@1.0.0 start /home/runner/salty-bot
> node .

.----------------------------------.
|             Commands             |
|----------------------------------|
|      Command       | Load status |
|--------------------|-------------|
| ban.js             | ✅           |
| mute.js            | ✅           |
| sayas.js           | ✅           |
| unban.js           | ✅           |
| unmute.js          | ✅           |
| basecommand.js     | ✅           |
| reload.js          | ✅           |
| toggledevmode.js   | ✅           |
| credits.js         | ✅           |
| help.js            | ✅           |
| ip.js              | ✅           |
| members.js         | ✅           |
| ping.js            | ✅           |
| rules.js           | ✅           |
| uptime.js          | ✅           |
| eval.js            | ✅           |
| giveaway.js        | ✅           |
| runas.js           | ✅           |
| closeTicket.js     | ✅           |
| refreshreminder.js | ✅           |
| remind.js          | ✅           |
| say.js             | ✅           |
| suggest.js         | ✅           |
| timestamp.js       | ✅           |
| todo.js            | ✅           |
'----------------------------------'
Started refreshing application (/) commands.
Logged in as Salty Universe#4563! - Thu Sep 15 2022 13:39:08 GMT+0000 (Coordinated Universal Time)
Successfully reloaded application (/) commands.
